#
# There is insufficient memory for the Java Runtime Environment to continue.
# Native memory allocation (malloc) failed to allocate 1096016 bytes. Error detail: Chunk::new
# Possible reasons:
#   The system is out of physical RAM or swap space
#   This process is running with CompressedOops enabled, and the Java Heap may be blocking the growth of the native heap
# Possible solutions:
#   Reduce memory load on the system
#   Increase physical memory or swap space
#   Check if swap backing store is full
#   Decrease Java heap size (-Xmx/-Xms)
#   Decrease number of Java threads
#   Decrease Java thread stack sizes (-Xss)
#   Set larger code cache with -XX:ReservedCodeCacheSize=
#   JVM is running with Unscaled Compressed Oops mode in which the Java heap is
#     placed in the first 4GB address space. The Java Heap base address is the
#     maximum limit for the native heap growth. Please use -XX:HeapBaseMinAddress
#     to set the Java Heap base and to place the Java Heap above 4GB virtual address.
# This output file may be truncated or incomplete.
#
#  Out of Memory Error (arena.cpp:168), pid=15656, tid=9560
#
# JRE version: OpenJDK Runtime Environment Temurin-21.0.7+6 (21.0.7+6) (build 21.0.7+6-LTS)
# Java VM: OpenJDK 64-Bit Server VM Temurin-21.0.7+6 (21.0.7+6-LTS, mixed mode, sharing, tiered, compressed oops, compressed class ptrs, parallel gc, windows-amd64)
# No core dump will be written. Minidumps are not enabled by default on client versions of Windows
#

---------------  S U M M A R Y ------------

Command Line: --add-modules=ALL-SYSTEM --add-opens=java.base/java.util=ALL-UNNAMED --add-opens=java.base/java.lang=ALL-UNNAMED --add-opens=java.base/sun.nio.fs=ALL-UNNAMED -Declipse.application=org.eclipse.jdt.ls.core.id1 -Dosgi.bundles.defaultStartLevel=4 -Declipse.product=org.eclipse.jdt.ls.core.product -Djava.import.generatesMetadataFilesAtProjectRoot=false -DDetectVMInstallationsJob.disabled=true -Dfile.encoding=utf8 -XX:+UseParallelGC -XX:GCTimeRatio=4 -XX:AdaptiveSizePolicyWeight=90 -Dsun.zip.disableMemoryMapping=true -Xmx2G -Xms100m -Xlog:disable -javaagent:c:\Users\Sangeetha G S\.vscode\extensions\redhat.java-1.43.1-win32-x64\lombok\lombok-1.18.39-4050.jar c:\Users\Sangeetha G S\.vscode\extensions\redhat.java-1.43.1-win32-x64\server\plugins\org.eclipse.equinox.launcher_1.7.0.v20250519-0528.jar -configuration c:\Users\Sangeetha G S\AppData\Roaming\Code\User\globalStorage\redhat.java\1.43.1\config_ss_win -data c:\Users\Sangeetha G S\AppData\Roaming\Code\User\workspaceStorage\d5869e5bd27c9b80899510110610f81e\redhat.java\ss_ws --pipe=\\.\pipe\lsp-e9655f7859966ad0afc099d0668f6941-sock

Host: Intel(R) Core(TM) i3-6006U CPU @ 2.00GHz, 4 cores, 3G,  Windows 10 , 64 bit Build 19041 (10.0.19041.5915)
Time: Sun Jul 20 22:22:12 2025 India Standard Time elapsed time: 14.938912 seconds (0d 0h 0m 14s)

---------------  T H R E A D  ---------------

Current thread (0x000001e5f9db19f0):  JavaThread "C2 CompilerThread0" daemon [_thread_in_native, id=9560, stack(0x000000abdb700000,0x000000abdb800000) (1024K)]


Current CompileTask:
C2:14939 3219       4       org.lombokweb.asm.ClassReader::readMethod (1070 bytes)

Stack: [0x000000abdb700000,0x000000abdb800000]
Native frames: (J=compiled Java code, j=interpreted, Vv=VM code, C=native code)
V  [jvm.dll+0x6ce119]
V  [jvm.dll+0x8a84a1]
V  [jvm.dll+0x8aa9ce]
V  [jvm.dll+0x8ab0b3]
V  [jvm.dll+0x27f8a6]
V  [jvm.dll+0xc507d]
V  [jvm.dll+0xc55b3]
V  [jvm.dll+0x3b68f2]
V  [jvm.dll+0x382aa5]
V  [jvm.dll+0x381f0a]
V  [jvm.dll+0x247af0]
V  [jvm.dll+0x2470cf]
V  [jvm.dll+0x1c760e]
V  [jvm.dll+0x25695a]
V  [jvm.dll+0x254efa]
V  [jvm.dll+0x3f03f6]
V  [jvm.dll+0x851f6b]
V  [jvm.dll+0x6cc7dd]
C  [ucrtbase.dll+0x21bb2]
C  [KERNEL32.DLL+0x17374]
C  [ntdll.dll+0x4cc91]


---------------  P R O C E S S  ---------------

Threads class SMR info:
_java_thread_list=0x000001e5d02b4480, length=24, elements={
0x000001e5f23bff50, 0x000001e5f9d9ddb0, 0x000001e5f9d9f6b0, 0x000001e5f9da4300,
0x000001e5f9da58f0, 0x000001e5f9dacab0, 0x000001e5f9dad500, 0x000001e5f9db19f0,
0x000001e5f9db4aa0, 0x000001e5faa570f0, 0x000001e5facdb7b0, 0x000001e5ff5cf2c0,
0x000001e5ff5cf920, 0x000001e5ff5cff80, 0x000001e5ff25e0c0, 0x000001e5ff25d840,
0x000001e5ff1ea4e0, 0x000001e5ff30d060, 0x000001e5d00d0000, 0x000001e5ff7f8e90,
0x000001e5ff7fb5f0, 0x000001e5ff7f9520, 0x000001e5ff7fa8d0, 0x000001e5ff7fbc80
}

Java Threads: ( => current thread )
  0x000001e5f23bff50 JavaThread "main"                              [_thread_blocked, id=15884, stack(0x000000abdad00000,0x000000abdae00000) (1024K)]
  0x000001e5f9d9ddb0 JavaThread "Reference Handler"          daemon [_thread_blocked, id=17512, stack(0x000000abdb100000,0x000000abdb200000) (1024K)]
  0x000001e5f9d9f6b0 JavaThread "Finalizer"                  daemon [_thread_blocked, id=2336, stack(0x000000abdb200000,0x000000abdb300000) (1024K)]
  0x000001e5f9da4300 JavaThread "Signal Dispatcher"          daemon [_thread_blocked, id=14652, stack(0x000000abdb300000,0x000000abdb400000) (1024K)]
  0x000001e5f9da58f0 JavaThread "Attach Listener"            daemon [_thread_blocked, id=17936, stack(0x000000abdb400000,0x000000abdb500000) (1024K)]
  0x000001e5f9dacab0 JavaThread "Service Thread"             daemon [_thread_blocked, id=10940, stack(0x000000abdb500000,0x000000abdb600000) (1024K)]
  0x000001e5f9dad500 JavaThread "Monitor Deflation Thread"   daemon [_thread_blocked, id=21272, stack(0x000000abdb600000,0x000000abdb700000) (1024K)]
=>0x000001e5f9db19f0 JavaThread "C2 CompilerThread0"         daemon [_thread_in_native, id=9560, stack(0x000000abdb700000,0x000000abdb800000) (1024K)]
  0x000001e5f9db4aa0 JavaThread "C1 CompilerThread0"         daemon [_thread_blocked, id=17436, stack(0x000000abdb800000,0x000000abdb900000) (1024K)]
  0x000001e5faa570f0 JavaThread "Common-Cleaner"             daemon [_thread_blocked, id=14740, stack(0x000000abdb900000,0x000000abdba00000) (1024K)]
  0x000001e5facdb7b0 JavaThread "Notification Thread"        daemon [_thread_blocked, id=980, stack(0x000000abdba00000,0x000000abdbb00000) (1024K)]
  0x000001e5ff5cf2c0 JavaThread "Equinox resolver thread - Equinox Container: e968a59f-843b-4e8f-9dff-f9cdf8fefef9" daemon [_thread_blocked, id=19056, stack(0x000000abdbe00000,0x000000abdbf00000) (1024K)]
  0x000001e5ff5cf920 JavaThread "Equinox resolver thread - Equinox Container: e968a59f-843b-4e8f-9dff-f9cdf8fefef9" daemon [_thread_blocked, id=22188, stack(0x000000abdbf00000,0x000000abdc000000) (1024K)]
  0x000001e5ff5cff80 JavaThread "Equinox resolver thread - Equinox Container: e968a59f-843b-4e8f-9dff-f9cdf8fefef9" daemon [_thread_blocked, id=3564, stack(0x000000abdc000000,0x000000abdc100000) (1024K)]
  0x000001e5ff25e0c0 JavaThread "Equinox resolver thread - Equinox Container: e968a59f-843b-4e8f-9dff-f9cdf8fefef9" daemon [_thread_blocked, id=20180, stack(0x000000abdc100000,0x000000abdc200000) (1024K)]
  0x000001e5ff25d840 JavaThread "Active Thread: Equinox Container: e968a59f-843b-4e8f-9dff-f9cdf8fefef9"        [_thread_blocked, id=3784, stack(0x000000abdc200000,0x000000abdc300000) (1024K)]
  0x000001e5ff1ea4e0 JavaThread "Framework Event Dispatcher: Equinox Container: e968a59f-843b-4e8f-9dff-f9cdf8fefef9" daemon [_thread_blocked, id=19088, stack(0x000000abdc300000,0x000000abdc400000) (1024K)]
  0x000001e5ff30d060 JavaThread "Start Level: Equinox Container: e968a59f-843b-4e8f-9dff-f9cdf8fefef9" daemon [_thread_in_native, id=10696, stack(0x000000abdc400000,0x000000abdc500000) (1024K)]
  0x000001e5d00d0000 JavaThread "Refresh Thread: Equinox Container: e968a59f-843b-4e8f-9dff-f9cdf8fefef9" daemon [_thread_blocked, id=10212, stack(0x000000abdc500000,0x000000abdc600000) (1024K)]
  0x000001e5ff7f8e90 JavaThread "SCR Component Actor"        daemon [_thread_blocked, id=21204, stack(0x000000abdc600000,0x000000abdc700000) (1024K)]
  0x000001e5ff7fb5f0 JavaThread "SCR Component Registry"     daemon [_thread_blocked, id=15564, stack(0x000000abdc700000,0x000000abdc800000) (1024K)]
  0x000001e5ff7f9520 JavaThread "Worker-JM"                         [_thread_blocked, id=9908, stack(0x000000abdc800000,0x000000abdc900000) (1024K)]
  0x000001e5ff7fa8d0 JavaThread "Worker-0"                          [_thread_blocked, id=12100, stack(0x000000abdc900000,0x000000abdca00000) (1024K)]
  0x000001e5ff7fbc80 JavaThread "Worker-1"                          [_thread_blocked, id=13532, stack(0x000000abdca00000,0x000000abdcb00000) (1024K)]
Total: 24

Other Threads:
  0x000001e5f9d7ffc0 VMThread "VM Thread"                           [id=6776, stack(0x000000abdb000000,0x000000abdb100000) (1024K)]
  0x000001e5f9cf1670 WatcherThread "VM Periodic Task Thread"        [id=20560, stack(0x000000abdaf00000,0x000000abdb000000) (1024K)]
  0x000001e5f23dd2b0 WorkerThread "GC Thread#0"                     [id=18328, stack(0x000000abdae00000,0x000000abdaf00000) (1024K)]
  0x000001e5fadaf690 WorkerThread "GC Thread#1"                     [id=10404, stack(0x000000abdbb00000,0x000000abdbc00000) (1024K)]
  0x000001e5ff0c2380 WorkerThread "GC Thread#2"                     [id=10100, stack(0x000000abdbc00000,0x000000abdbd00000) (1024K)]
  0x000001e5ff017870 WorkerThread "GC Thread#3"                     [id=8448, stack(0x000000abdbd00000,0x000000abdbe00000) (1024K)]
Total: 6

Threads with active compile tasks:
C2 CompilerThread0  15016 3219       4       org.lombokweb.asm.ClassReader::readMethod (1070 bytes)
Total: 1

VM state: not at safepoint (normal execution)

VM Mutex/Monitor currently owned by a thread: None

Heap address: 0x0000000080000000, size: 2048 MB, Compressed Oops mode: 32-bit

CDS archive(s) mapped at: [0x000001e58f000000-0x000001e58fba0000-0x000001e58fba0000), size 12189696, SharedBaseAddress: 0x000001e58f000000, ArchiveRelocationMode: 1.
Compressed class space mapped at: 0x000001e590000000-0x000001e5d0000000, reserved size: 1073741824
Narrow klass base: 0x000001e58f000000, Narrow klass shift: 0, Narrow klass range: 0x100000000

GC Precious Log:
 CardTable entry size: 512
 CPUs: 4 total, 4 available
 Memory: 4012M
 Large Page Support: Disabled
 NUMA Support: Disabled
 Compressed Oops: Enabled (32-bit)
 Alignments: Space 512K, Generation 512K, Heap 2M
 Heap Min Capacity: 100M
 Heap Initial Capacity: 100M
 Heap Max Capacity: 2G
 Pre-touch: Disabled
 Parallel Workers: 4

Heap:
 PSYoungGen      total 29184K, used 19948K [0x00000000d5580000, 0x00000000d7980000, 0x0000000100000000)
  eden space 24064K, 82% used [0x00000000d5580000,0x00000000d68fb268,0x00000000d6d00000)
  from space 5120K, 0% used [0x00000000d6d00000,0x00000000d6d00000,0x00000000d7200000)
  to   space 6144K, 0% used [0x00000000d7380000,0x00000000d7380000,0x00000000d7980000)
 ParOldGen       total 68608K, used 10109K [0x0000000080000000, 0x0000000084300000, 0x00000000d5580000)
  object space 68608K, 14% used [0x0000000080000000,0x00000000809df710,0x0000000084300000)
 Metaspace       used 21891K, committed 22592K, reserved 1114112K
  class space    used 2040K, committed 2368K, reserved 1048576K

Card table byte_map: [0x000001e5f1da0000,0x000001e5f21b0000] _byte_map_base: 0x000001e5f19a0000

Marking Bits: (ParMarkBitMap*) 0x00007ff8bee431f0
 Begin Bits: [0x000001e5f5870000, 0x000001e5f7870000)
 End Bits:   [0x000001e5f7870000, 0x000001e5f9870000)

Polling page: 0x000001e5f1b90000

Metaspace:

Usage:
  Non-class:     19.39 MB used.
      Class:      1.99 MB used.
       Both:     21.38 MB used.

Virtual space:
  Non-class space:       64.00 MB reserved,      19.75 MB ( 31%) committed,  1 nodes.
      Class space:        1.00 GB reserved,       2.31 MB ( <1%) committed,  1 nodes.
             Both:        1.06 GB reserved,      22.06 MB (  2%) committed. 

Chunk freelists:
   Non-Class:  11.80 MB
       Class:  13.68 MB
        Both:  25.48 MB

MaxMetaspaceSize: unlimited
CompressedClassSpaceSize: 1.00 GB
Initial GC threshold: 21.00 MB
Current GC threshold: 35.00 MB
CDS: on
 - commit_granule_bytes: 65536.
 - commit_granule_words: 8192.
 - virtual_space_node_default_size: 8388608.
 - enlarge_chunks_in_place: 1.
 - use_allocation_guard: 0.


Internal statistics:

num_allocs_failed_limit: 3.
num_arena_births: 452.
num_arena_deaths: 14.
num_vsnodes_births: 2.
num_vsnodes_deaths: 0.
num_space_committed: 353.
num_space_uncommitted: 0.
num_chunks_returned_to_freelist: 17.
num_chunks_taken_from_freelist: 1243.
num_chunk_merges: 7.
num_chunk_splits: 820.
num_chunks_enlarged: 549.
num_inconsistent_stats: 0.

CodeHeap 'non-profiled nmethods': size=120000Kb used=1219Kb max_used=1219Kb free=118780Kb
 bounds [0x000001e587ad0000, 0x000001e587d40000, 0x000001e58f000000]
CodeHeap 'profiled nmethods': size=120000Kb used=6878Kb max_used=6878Kb free=113121Kb
 bounds [0x000001e580000000, 0x000001e5806c0000, 0x000001e587530000]
CodeHeap 'non-nmethods': size=5760Kb used=1305Kb max_used=1306Kb free=4455Kb
 bounds [0x000001e587530000, 0x000001e5877a0000, 0x000001e587ad0000]
 total_blobs=3875 nmethods=3290 adapters=491
 compilation: enabled
              stopped_count=0, restarted_count=0
 full_count=0

Compilation events (20 events):
Event: 14.865 Thread 0x000001e5f9db4aa0 3260       3       org.eclipse.core.internal.preferences.PreferencesService::getRootNode (4 bytes)
Event: 14.866 Thread 0x000001e5f9db4aa0 nmethod 3260 0x000001e58069d990 code [0x000001e58069db20, 0x000001e58069dc38]
Event: 14.866 Thread 0x000001e5f9db4aa0 3263       3       org.eclipse.core.internal.preferences.RootPreferences::node (7 bytes)
Event: 14.866 Thread 0x000001e5f9db4aa0 nmethod 3263 0x000001e58069dd10 code [0x000001e58069dec0, 0x000001e58069e008]
Event: 14.866 Thread 0x000001e5f9db4aa0 3264       3       org.eclipse.core.internal.preferences.RootPreferences::getNode (135 bytes)
Event: 14.869 Thread 0x000001e5f9db4aa0 nmethod 3264 0x000001e58069e090 code [0x000001e58069e3e0, 0x000001e58069f780]
Event: 14.869 Thread 0x000001e5f9db4aa0 3265   !   3       org.eclipse.core.internal.preferences.EclipsePreferences::getOrCreate (108 bytes)
Event: 14.870 Thread 0x000001e5f9db4aa0 nmethod 3265 0x000001e58069fe90 code [0x000001e5806a00e0, 0x000001e5806a0ba0]
Event: 14.870 Thread 0x000001e5f9db4aa0 3254       3       org.eclipse.core.internal.preferences.DefaultPreferences::getLoadLevel (52 bytes)
Event: 14.870 Thread 0x000001e5f9db4aa0 nmethod 3254 0x000001e5806a0f90 code [0x000001e5806a1180, 0x000001e5806a17d0]
Event: 14.871 Thread 0x000001e5f9db4aa0 3261       3       org.eclipse.core.internal.preferences.DefaultPreferences::getScopeRelativePath (43 bytes)
Event: 14.871 Thread 0x000001e5f9db4aa0 nmethod 3261 0x000001e5806a1a10 code [0x000001e5806a1c20, 0x000001e5806a21d8]
Event: 14.871 Thread 0x000001e5f9db4aa0 3262       3       java.util.HashMap::afterNodeAccess (1 bytes)
Event: 14.871 Thread 0x000001e5f9db4aa0 nmethod 3262 0x000001e5806a2410 code [0x000001e5806a25a0, 0x000001e5806a26a8]
Event: 14.880 Thread 0x000001e5f9db4aa0 3266       3       jdk.internal.loader.BuiltinClassLoader::hasClassPath (13 bytes)
Event: 14.880 Thread 0x000001e5f9db4aa0 nmethod 3266 0x000001e5806a2710 code [0x000001e5806a28a0, 0x000001e5806a2a00]
Event: 14.894 Thread 0x000001e5f9db4aa0 3267       3       java.io.File::isFile (34 bytes)
Event: 14.895 Thread 0x000001e5f9db4aa0 nmethod 3267 0x000001e5806a2a90 code [0x000001e5806a2c80, 0x000001e5806a3088]
Event: 14.895 Thread 0x000001e5f9db4aa0 3268       3       java.nio.charset.CharsetDecoder::<init> (10 bytes)
Event: 14.896 Thread 0x000001e5f9db4aa0 nmethod 3268 0x000001e5806a3210 code [0x000001e5806a33c0, 0x000001e5806a3508]

GC Heap History (16 events):
Event: 1.917 GC heap before
{Heap before GC invocations=1 (full 0):
 PSYoungGen      total 29696K, used 25600K [0x00000000d5580000, 0x00000000d7680000, 0x0000000100000000)
  eden space 25600K, 100% used [0x00000000d5580000,0x00000000d6e80000,0x00000000d6e80000)
  from space 4096K, 0% used [0x00000000d7280000,0x00000000d7280000,0x00000000d7680000)
  to   space 4096K, 0% used [0x00000000d6e80000,0x00000000d6e80000,0x00000000d7280000)
 ParOldGen       total 68608K, used 0K [0x0000000080000000, 0x0000000084300000, 0x00000000d5580000)
  object space 68608K, 0% used [0x0000000080000000,0x0000000080000000,0x0000000084300000)
 Metaspace       used 4447K, committed 4672K, reserved 1114112K
  class space    used 473K, committed 576K, reserved 1048576K
}
Event: 1.928 GC heap after
{Heap after GC invocations=1 (full 0):
 PSYoungGen      total 29696K, used 3287K [0x00000000d5580000, 0x00000000d7680000, 0x0000000100000000)
  eden space 25600K, 0% used [0x00000000d5580000,0x00000000d5580000,0x00000000d6e80000)
  from space 4096K, 80% used [0x00000000d6e80000,0x00000000d71b5c58,0x00000000d7280000)
  to   space 4096K, 0% used [0x00000000d7280000,0x00000000d7280000,0x00000000d7680000)
 ParOldGen       total 68608K, used 16K [0x0000000080000000, 0x0000000084300000, 0x00000000d5580000)
  object space 68608K, 0% used [0x0000000080000000,0x0000000080004000,0x0000000084300000)
 Metaspace       used 4447K, committed 4672K, reserved 1114112K
  class space    used 473K, committed 576K, reserved 1048576K
}
Event: 10.681 GC heap before
{Heap before GC invocations=2 (full 0):
 PSYoungGen      total 29696K, used 28887K [0x00000000d5580000, 0x00000000d7680000, 0x0000000100000000)
  eden space 25600K, 100% used [0x00000000d5580000,0x00000000d6e80000,0x00000000d6e80000)
  from space 4096K, 80% used [0x00000000d6e80000,0x00000000d71b5c58,0x00000000d7280000)
  to   space 4096K, 0% used [0x00000000d7280000,0x00000000d7280000,0x00000000d7680000)
 ParOldGen       total 68608K, used 16K [0x0000000080000000, 0x0000000084300000, 0x00000000d5580000)
  object space 68608K, 0% used [0x0000000080000000,0x0000000080004000,0x0000000084300000)
 Metaspace       used 8243K, committed 8512K, reserved 1114112K
  class space    used 855K, committed 960K, reserved 1048576K
}
Event: 10.688 GC heap after
{Heap after GC invocations=2 (full 0):
 PSYoungGen      total 29696K, used 4071K [0x00000000d5580000, 0x00000000d7680000, 0x0000000100000000)
  eden space 25600K, 0% used [0x00000000d5580000,0x00000000d5580000,0x00000000d6e80000)
  from space 4096K, 99% used [0x00000000d7280000,0x00000000d7679c68,0x00000000d7680000)
  to   space 4096K, 0% used [0x00000000d6e80000,0x00000000d6e80000,0x00000000d7280000)
 ParOldGen       total 68608K, used 64K [0x0000000080000000, 0x0000000084300000, 0x00000000d5580000)
  object space 68608K, 0% used [0x0000000080000000,0x0000000080010000,0x0000000084300000)
 Metaspace       used 8243K, committed 8512K, reserved 1114112K
  class space    used 855K, committed 960K, reserved 1048576K
}
Event: 11.400 GC heap before
{Heap before GC invocations=3 (full 0):
 PSYoungGen      total 29696K, used 29671K [0x00000000d5580000, 0x00000000d7680000, 0x0000000100000000)
  eden space 25600K, 100% used [0x00000000d5580000,0x00000000d6e80000,0x00000000d6e80000)
  from space 4096K, 99% used [0x00000000d7280000,0x00000000d7679c68,0x00000000d7680000)
  to   space 4096K, 0% used [0x00000000d6e80000,0x00000000d6e80000,0x00000000d7280000)
 ParOldGen       total 68608K, used 64K [0x0000000080000000, 0x0000000084300000, 0x00000000d5580000)
  object space 68608K, 0% used [0x0000000080000000,0x0000000080010000,0x0000000084300000)
 Metaspace       used 9191K, committed 9472K, reserved 1114112K
  class space    used 940K, committed 1088K, reserved 1048576K
}
Event: 11.410 GC heap after
{Heap after GC invocations=3 (full 0):
 PSYoungGen      total 29696K, used 4080K [0x00000000d5580000, 0x00000000d7680000, 0x0000000100000000)
  eden space 25600K, 0% used [0x00000000d5580000,0x00000000d5580000,0x00000000d6e80000)
  from space 4096K, 99% used [0x00000000d6e80000,0x00000000d727c3d0,0x00000000d7280000)
  to   space 4096K, 0% used [0x00000000d7280000,0x00000000d7280000,0x00000000d7680000)
 ParOldGen       total 68608K, used 3013K [0x0000000080000000, 0x0000000084300000, 0x00000000d5580000)
  object space 68608K, 4% used [0x0000000080000000,0x00000000802f17f8,0x0000000084300000)
 Metaspace       used 9191K, committed 9472K, reserved 1114112K
  class space    used 940K, committed 1088K, reserved 1048576K
}
Event: 12.951 GC heap before
{Heap before GC invocations=4 (full 0):
 PSYoungGen      total 29696K, used 29671K [0x00000000d5580000, 0x00000000d7680000, 0x0000000100000000)
  eden space 25600K, 99% used [0x00000000d5580000,0x00000000d6e7da30,0x00000000d6e80000)
  from space 4096K, 99% used [0x00000000d6e80000,0x00000000d727c3d0,0x00000000d7280000)
  to   space 4096K, 0% used [0x00000000d7280000,0x00000000d7280000,0x00000000d7680000)
 ParOldGen       total 68608K, used 3013K [0x0000000080000000, 0x0000000084300000, 0x00000000d5580000)
  object space 68608K, 4% used [0x0000000080000000,0x00000000802f17f8,0x0000000084300000)
 Metaspace       used 13559K, committed 14016K, reserved 1114112K
  class space    used 1373K, committed 1600K, reserved 1048576K
}
Event: 12.958 GC heap after
{Heap after GC invocations=4 (full 0):
 PSYoungGen      total 29696K, used 4077K [0x00000000d5580000, 0x00000000d7680000, 0x0000000100000000)
  eden space 25600K, 0% used [0x00000000d5580000,0x00000000d5580000,0x00000000d6e80000)
  from space 4096K, 99% used [0x00000000d7280000,0x00000000d767b568,0x00000000d7680000)
  to   space 4096K, 0% used [0x00000000d6e80000,0x00000000d6e80000,0x00000000d7280000)
 ParOldGen       total 68608K, used 4618K [0x0000000080000000, 0x0000000084300000, 0x00000000d5580000)
  object space 68608K, 6% used [0x0000000080000000,0x0000000080482a00,0x0000000084300000)
 Metaspace       used 13559K, committed 14016K, reserved 1114112K
  class space    used 1373K, committed 1600K, reserved 1048576K
}
Event: 14.264 GC heap before
{Heap before GC invocations=5 (full 0):
 PSYoungGen      total 29696K, used 29677K [0x00000000d5580000, 0x00000000d7680000, 0x0000000100000000)
  eden space 25600K, 100% used [0x00000000d5580000,0x00000000d6e80000,0x00000000d6e80000)
  from space 4096K, 99% used [0x00000000d7280000,0x00000000d767b568,0x00000000d7680000)
  to   space 4096K, 0% used [0x00000000d6e80000,0x00000000d6e80000,0x00000000d7280000)
 ParOldGen       total 68608K, used 4618K [0x0000000080000000, 0x0000000084300000, 0x00000000d5580000)
  object space 68608K, 6% used [0x0000000080000000,0x0000000080482a00,0x0000000084300000)
 Metaspace       used 17206K, committed 17856K, reserved 1114112K
  class space    used 1719K, committed 1984K, reserved 1048576K
}
Event: 14.276 GC heap after
{Heap after GC invocations=5 (full 0):
 PSYoungGen      total 29184K, used 4065K [0x00000000d5580000, 0x00000000d7b00000, 0x0000000100000000)
  eden space 25088K, 0% used [0x00000000d5580000,0x00000000d5580000,0x00000000d6e00000)
  from space 4096K, 99% used [0x00000000d6e80000,0x00000000d72785c0,0x00000000d7280000)
  to   space 6656K, 0% used [0x00000000d7480000,0x00000000d7480000,0x00000000d7b00000)
 ParOldGen       total 68608K, used 6768K [0x0000000080000000, 0x0000000084300000, 0x00000000d5580000)
  object space 68608K, 9% used [0x0000000080000000,0x000000008069c190,0x0000000084300000)
 Metaspace       used 17206K, committed 17856K, reserved 1114112K
  class space    used 1719K, committed 1984K, reserved 1048576K
}
Event: 14.675 GC heap before
{Heap before GC invocations=6 (full 0):
 PSYoungGen      total 29184K, used 29153K [0x00000000d5580000, 0x00000000d7b00000, 0x0000000100000000)
  eden space 25088K, 100% used [0x00000000d5580000,0x00000000d6e00000,0x00000000d6e00000)
  from space 4096K, 99% used [0x00000000d6e80000,0x00000000d72785c0,0x00000000d7280000)
  to   space 6656K, 0% used [0x00000000d7480000,0x00000000d7480000,0x00000000d7b00000)
 ParOldGen       total 68608K, used 6768K [0x0000000080000000, 0x0000000084300000, 0x00000000d5580000)
  object space 68608K, 9% used [0x0000000080000000,0x000000008069c190,0x0000000084300000)
 Metaspace       used 20492K, committed 21184K, reserved 1114112K
  class space    used 1957K, committed 2240K, reserved 1048576K
}
Event: 14.684 GC heap after
{Heap after GC invocations=6 (full 0):
 PSYoungGen      total 30720K, used 6645K [0x00000000d5580000, 0x00000000d7c80000, 0x0000000100000000)
  eden space 24064K, 0% used [0x00000000d5580000,0x00000000d5580000,0x00000000d6d00000)
  from space 6656K, 99% used [0x00000000d7480000,0x00000000d7afd7e8,0x00000000d7b00000)
  to   space 7680K, 0% used [0x00000000d6d00000,0x00000000d6d00000,0x00000000d7480000)
 ParOldGen       total 68608K, used 7303K [0x0000000080000000, 0x0000000084300000, 0x00000000d5580000)
  object space 68608K, 10% used [0x0000000080000000,0x0000000080721de8,0x0000000084300000)
 Metaspace       used 20492K, committed 21184K, reserved 1114112K
  class space    used 1957K, committed 2240K, reserved 1048576K
}
Event: 14.692 GC heap before
{Heap before GC invocations=7 (full 0):
 PSYoungGen      total 30720K, used 7336K [0x00000000d5580000, 0x00000000d7c80000, 0x0000000100000000)
  eden space 24064K, 2% used [0x00000000d5580000,0x00000000d562c8b8,0x00000000d6d00000)
  from space 6656K, 99% used [0x00000000d7480000,0x00000000d7afd7e8,0x00000000d7b00000)
  to   space 7680K, 0% used [0x00000000d6d00000,0x00000000d6d00000,0x00000000d7480000)
 ParOldGen       total 68608K, used 7303K [0x0000000080000000, 0x0000000084300000, 0x00000000d5580000)
  object space 68608K, 10% used [0x0000000080000000,0x0000000080721de8,0x0000000084300000)
 Metaspace       used 20816K, committed 21504K, reserved 1114112K
  class space    used 1958K, committed 2240K, reserved 1048576K
}
Event: 14.700 GC heap after
{Heap after GC invocations=7 (full 0):
 PSYoungGen      total 29184K, used 4893K [0x00000000d5580000, 0x00000000d7980000, 0x0000000100000000)
  eden space 24064K, 0% used [0x00000000d5580000,0x00000000d5580000,0x00000000d6d00000)
  from space 5120K, 95% used [0x00000000d6d00000,0x00000000d71c7640,0x00000000d7200000)
  to   space 6144K, 0% used [0x00000000d7380000,0x00000000d7380000,0x00000000d7980000)
 ParOldGen       total 68608K, used 8500K [0x0000000080000000, 0x0000000084300000, 0x00000000d5580000)
  object space 68608K, 12% used [0x0000000080000000,0x000000008084d170,0x0000000084300000)
 Metaspace       used 20816K, committed 21504K, reserved 1114112K
  class space    used 1958K, committed 2240K, reserved 1048576K
}
Event: 14.700 GC heap before
{Heap before GC invocations=8 (full 1):
 PSYoungGen      total 29184K, used 4893K [0x00000000d5580000, 0x00000000d7980000, 0x0000000100000000)
  eden space 24064K, 0% used [0x00000000d5580000,0x00000000d5580000,0x00000000d6d00000)
  from space 5120K, 95% used [0x00000000d6d00000,0x00000000d71c7640,0x00000000d7200000)
  to   space 6144K, 0% used [0x00000000d7380000,0x00000000d7380000,0x00000000d7980000)
 ParOldGen       total 68608K, used 8500K [0x0000000080000000, 0x0000000084300000, 0x00000000d5580000)
  object space 68608K, 12% used [0x0000000080000000,0x000000008084d170,0x0000000084300000)
 Metaspace       used 20816K, committed 21504K, reserved 1114112K
  class space    used 1958K, committed 2240K, reserved 1048576K
}
Event: 14.743 GC heap after
{Heap after GC invocations=8 (full 1):
 PSYoungGen      total 29184K, used 0K [0x00000000d5580000, 0x00000000d7980000, 0x0000000100000000)
  eden space 24064K, 0% used [0x00000000d5580000,0x00000000d5580000,0x00000000d6d00000)
  from space 5120K, 0% used [0x00000000d6d00000,0x00000000d6d00000,0x00000000d7200000)
  to   space 6144K, 0% used [0x00000000d7380000,0x00000000d7380000,0x00000000d7980000)
 ParOldGen       total 68608K, used 10109K [0x0000000080000000, 0x0000000084300000, 0x00000000d5580000)
  object space 68608K, 14% used [0x0000000080000000,0x00000000809df710,0x0000000084300000)
 Metaspace       used 20803K, committed 21504K, reserved 1114112K
  class space    used 1954K, committed 2240K, reserved 1048576K
}

Dll operation events (11 events):
Event: 0.136 Loaded shared library c:\Users\Sangeetha G S\.vscode\extensions\redhat.java-1.43.1-win32-x64\jre\21.0.7-win32-x86_64\bin\java.dll
Event: 0.343 Loaded shared library c:\Users\Sangeetha G S\.vscode\extensions\redhat.java-1.43.1-win32-x64\jre\21.0.7-win32-x86_64\bin\zip.dll
Event: 0.391 Loaded shared library C:\Users\Sangeetha G S\.vscode\extensions\redhat.java-1.43.1-win32-x64\jre\21.0.7-win32-x86_64\bin\instrument.dll
Event: 0.414 Loaded shared library C:\Users\Sangeetha G S\.vscode\extensions\redhat.java-1.43.1-win32-x64\jre\21.0.7-win32-x86_64\bin\net.dll
Event: 0.429 Loaded shared library C:\Users\Sangeetha G S\.vscode\extensions\redhat.java-1.43.1-win32-x64\jre\21.0.7-win32-x86_64\bin\nio.dll
Event: 0.435 Loaded shared library C:\Users\Sangeetha G S\.vscode\extensions\redhat.java-1.43.1-win32-x64\jre\21.0.7-win32-x86_64\bin\zip.dll
Event: 0.476 Loaded shared library C:\Users\Sangeetha G S\.vscode\extensions\redhat.java-1.43.1-win32-x64\jre\21.0.7-win32-x86_64\bin\jimage.dll
Event: 0.621 Loaded shared library c:\Users\Sangeetha G S\.vscode\extensions\redhat.java-1.43.1-win32-x64\jre\21.0.7-win32-x86_64\bin\verify.dll
Event: 11.108 Loaded shared library C:\Users\Sangeetha G S\AppData\Roaming\Code\User\globalStorage\redhat.java\1.43.1\config_ss_win\org.eclipse.equinox.launcher\org.eclipse.equinox.launcher.win32.win32.x86_64_1.2.1300.v20250331-1702\eclipse_11911.dll
Event: 13.416 Loaded shared library C:\Users\Sangeetha G S\.vscode\extensions\redhat.java-1.43.1-win32-x64\jre\21.0.7-win32-x86_64\bin\management.dll
Event: 13.436 Loaded shared library C:\Users\Sangeetha G S\.vscode\extensions\redhat.java-1.43.1-win32-x64\jre\21.0.7-win32-x86_64\bin\management_ext.dll

Deoptimization events (20 events):
Event: 14.083 Thread 0x000001e5ff30d060 Uncommon trap: trap_request=0xffffff45 fr.pc=0x000001e587be29a0 relative=0x00000000000006e0
Event: 14.083 Thread 0x000001e5ff30d060 Uncommon trap: reason=unstable_if action=reinterpret pc=0x000001e587be29a0 method=java.util.regex.Matcher.search(I)Z @ 30 c2
Event: 14.083 Thread 0x000001e5ff30d060 DEOPT PACKING pc=0x000001e587be29a0 sp=0x000000abdc4efaa0
Event: 14.083 Thread 0x000001e5ff30d060 DEOPT UNPACKING pc=0x000001e587583aa2 sp=0x000000abdc4efa70 mode 2
Event: 14.083 Thread 0x000001e5ff30d060 Uncommon trap: trap_request=0xffffffde fr.pc=0x000001e587be18cc relative=0x00000000000003ec
Event: 14.083 Thread 0x000001e5ff30d060 Uncommon trap: reason=class_check action=maybe_recompile pc=0x000001e587be18cc method=java.util.regex.Pattern$BmpCharPropertyGreedy.match(Ljava/util/regex/Matcher;ILjava/lang/CharSequence;)Z @ 70 c2
Event: 14.083 Thread 0x000001e5ff30d060 DEOPT PACKING pc=0x000001e587be18cc sp=0x000000abdc4ef700
Event: 14.083 Thread 0x000001e5ff30d060 DEOPT UNPACKING pc=0x000001e587583aa2 sp=0x000000abdc4ef6a8 mode 2
Event: 14.083 Thread 0x000001e5ff30d060 Uncommon trap: trap_request=0xffffffde fr.pc=0x000001e587be18cc relative=0x00000000000003ec
Event: 14.083 Thread 0x000001e5ff30d060 Uncommon trap: reason=class_check action=maybe_recompile pc=0x000001e587be18cc method=java.util.regex.Pattern$BmpCharPropertyGreedy.match(Ljava/util/regex/Matcher;ILjava/lang/CharSequence;)Z @ 70 c2
Event: 14.083 Thread 0x000001e5ff30d060 DEOPT PACKING pc=0x000001e587be18cc sp=0x000000abdc4ef550
Event: 14.083 Thread 0x000001e5ff30d060 DEOPT UNPACKING pc=0x000001e587583aa2 sp=0x000000abdc4ef4f8 mode 2
Event: 14.619 Thread 0x000001e5ff30d060 Uncommon trap: trap_request=0xffffff45 fr.pc=0x000001e587bfee04 relative=0x0000000000000164
Event: 14.619 Thread 0x000001e5ff30d060 Uncommon trap: reason=unstable_if action=reinterpret pc=0x000001e587bfee04 method=org.lombokweb.asm.ByteVector.putByteArray([BII)Lorg/lombokweb/asm/ByteVector; @ 20 c2
Event: 14.619 Thread 0x000001e5ff30d060 DEOPT PACKING pc=0x000001e587bfee04 sp=0x000000abdc4f28a0
Event: 14.619 Thread 0x000001e5ff30d060 DEOPT UNPACKING pc=0x000001e587583aa2 sp=0x000000abdc4f2870 mode 2
Event: 14.619 Thread 0x000001e5ff30d060 Uncommon trap: trap_request=0xffffff45 fr.pc=0x000001e587bff4d8 relative=0x0000000000000398
Event: 14.619 Thread 0x000001e5ff30d060 Uncommon trap: reason=unstable_if action=reinterpret pc=0x000001e587bff4d8 method=org.lombokweb.asm.Label.resolve([BLorg/lombokweb/asm/ByteVector;I)Z @ 81 c2
Event: 14.619 Thread 0x000001e5ff30d060 DEOPT PACKING pc=0x000001e587bff4d8 sp=0x000000abdc4f2930
Event: 14.619 Thread 0x000001e5ff30d060 DEOPT UNPACKING pc=0x000001e587583aa2 sp=0x000000abdc4f2838 mode 2

Classes loaded (20 events):
Event: 14.125 Loading class java/io/StringReader
Event: 14.128 Loading class java/io/StringReader done
Event: 14.136 Loading class java/util/zip/GZIPOutputStream
Event: 14.136 Loading class java/util/zip/GZIPOutputStream done
Event: 14.145 Loading class java/net/SocketTimeoutException
Event: 14.145 Loading class java/io/InterruptedIOException
Event: 14.145 Loading class java/io/InterruptedIOException done
Event: 14.145 Loading class java/net/SocketTimeoutException done
Event: 14.145 Loading class java/net/SocketException
Event: 14.145 Loading class java/net/SocketException done
Event: 14.145 Loading class java/net/UnknownHostException
Event: 14.145 Loading class java/net/UnknownHostException done
Event: 14.145 Loading class java/net/ProtocolException
Event: 14.146 Loading class java/net/ProtocolException done
Event: 14.181 Loading class java/lang/ThreadLocal$SuppliedThreadLocal
Event: 14.181 Loading class java/lang/ThreadLocal$SuppliedThreadLocal done
Event: 14.195 Loading class java/lang/NegativeArraySizeException
Event: 14.196 Loading class java/lang/NegativeArraySizeException done
Event: 14.198 Loading class java/io/FileWriter
Event: 14.198 Loading class java/io/FileWriter done

Classes unloaded (7 events):
Event: 14.711 Thread 0x000001e5f9d7ffc0 Unloading class 0x000001e590196800 'java/lang/invoke/LambdaForm$MH+0x000001e590196800'
Event: 14.711 Thread 0x000001e5f9d7ffc0 Unloading class 0x000001e590196400 'java/lang/invoke/LambdaForm$MH+0x000001e590196400'
Event: 14.711 Thread 0x000001e5f9d7ffc0 Unloading class 0x000001e590196000 'java/lang/invoke/LambdaForm$MH+0x000001e590196000'
Event: 14.711 Thread 0x000001e5f9d7ffc0 Unloading class 0x000001e590195c00 'java/lang/invoke/LambdaForm$MH+0x000001e590195c00'
Event: 14.711 Thread 0x000001e5f9d7ffc0 Unloading class 0x000001e590195800 'java/lang/invoke/LambdaForm$BMH+0x000001e590195800'
Event: 14.711 Thread 0x000001e5f9d7ffc0 Unloading class 0x000001e590195400 'java/lang/invoke/LambdaForm$DMH+0x000001e590195400'
Event: 14.711 Thread 0x000001e5f9d7ffc0 Unloading class 0x000001e590194000 'java/lang/invoke/LambdaForm$DMH+0x000001e590194000'

Classes redefined (0 events):
No events

Internal exceptions (20 events):
Event: 13.684 Thread 0x000001e5ff30d060 Exception <a 'java/lang/NoSuchMethodError'{0x00000000d60a3720}: 'java.lang.Object java.lang.invoke.Invokers$Holder.linkToTargetMethod(java.lang.Object, java.lang.Object, long, java.lang.Object)'> (0x00000000d60a3720) 
thrown [s\src\hotspot\share\interpreter\linkResolver.cpp, line 773]
Event: 13.719 Thread 0x000001e5ff30d060 Exception <a 'java/lang/IncompatibleClassChangeError'{0x00000000d618fae8}: Found class java.lang.Object, but interface was expected> (0x00000000d618fae8) 
thrown [s\src\hotspot\share\interpreter\linkResolver.cpp, line 840]
Event: 13.721 Thread 0x000001e5ff30d060 Exception <a 'java/lang/NoSuchMethodError'{0x00000000d61936a8}: 'java.lang.Object java.lang.invoke.DirectMethodHandle$Holder.invokeSpecial(java.lang.Object, java.lang.Object, java.lang.Object, int, java.lang.Object, java.lang.Object)'> (0x00000000d61936a8) 
thrown [s\src\hotspot\share\interpreter\linkResolver.cpp, line 773]
Event: 13.723 Thread 0x000001e5ff30d060 Exception <a 'java/lang/NoSuchMethodError'{0x00000000d619b180}: 'java.lang.Object java.lang.invoke.DirectMethodHandle$Holder.newInvokeSpecial(java.lang.Object, java.lang.Object, java.lang.Object, int, java.lang.Object)'> (0x00000000d619b180) 
thrown [s\src\hotspot\share\interpreter\linkResolver.cpp, line 773]
Event: 13.724 Thread 0x000001e5ff30d060 Exception <a 'java/lang/NoSuchMethodError'{0x00000000d619f140}: 'java.lang.Object java.lang.invoke.DirectMethodHandle$Holder.invokeSpecial(java.lang.Object, java.lang.Object, java.lang.Object, java.lang.Object, int, java.lang.Object)'> (0x00000000d619f140) 
thrown [s\src\hotspot\share\interpreter\linkResolver.cpp, line 773]
Event: 13.724 Thread 0x000001e5ff30d060 Exception <a 'java/lang/NoSuchMethodError'{0x00000000d61a2c80}: 'java.lang.Object java.lang.invoke.Invokers$Holder.linkToTargetMethod(java.lang.Object, java.lang.Object, int, java.lang.Object, java.lang.Object)'> (0x00000000d61a2c80) 
thrown [s\src\hotspot\share\interpreter\linkResolver.cpp, line 773]
Event: 13.733 Thread 0x000001e5ff7fa8d0 Exception <a 'java/lang/NoSuchMethodError'{0x00000000d60f8ae0}: 'java.lang.Object java.lang.invoke.DirectMethodHandle$Holder.invokeSpecial(java.lang.Object, java.lang.Object, int, java.lang.Object, java.lang.Object)'> (0x00000000d60f8ae0) 
thrown [s\src\hotspot\share\interpreter\linkResolver.cpp, line 773]
Event: 13.741 Thread 0x000001e5ff7fa8d0 Exception <a 'java/lang/NoSuchMethodError'{0x00000000d60ff818}: 'java.lang.Object java.lang.invoke.DirectMethodHandle$Holder.newInvokeSpecial(java.lang.Object, java.lang.Object, int, java.lang.Object)'> (0x00000000d60ff818) 
thrown [s\src\hotspot\share\interpreter\linkResolver.cpp, line 773]
Event: 13.742 Thread 0x000001e5ff7fa8d0 Exception <a 'java/lang/NoSuchMethodError'{0x00000000d6103138}: 'java.lang.Object java.lang.invoke.DirectMethodHandle$Holder.invokeSpecial(java.lang.Object, java.lang.Object, java.lang.Object, int, java.lang.Object)'> (0x00000000d6103138) 
thrown [s\src\hotspot\share\interpreter\linkResolver.cpp, line 773]
Event: 13.841 Thread 0x000001e5ff30d060 Exception <a 'java/lang/NoSuchMethodError'{0x00000000d62cfd88}: 'void java.lang.invoke.DirectMethodHandle$Holder.invokeSpecial(java.lang.Object, java.lang.Object, java.lang.Object, java.lang.Object, java.lang.Object)'> (0x00000000d62cfd88) 
thrown [s\src\hotspot\share\interpreter\linkResolver.cpp, line 773]
Event: 14.000 Thread 0x000001e5ff30d060 Exception <a 'java/lang/NoSuchMethodError'{0x00000000d6533908}: 'double java.lang.invoke.DirectMethodHandle$Holder.invokeStatic(java.lang.Object, java.lang.Object)'> (0x00000000d6533908) 
thrown [s\src\hotspot\share\interpreter\linkResolver.cpp, line 773]
Event: 14.000 Thread 0x000001e5ff30d060 Exception <a 'java/lang/NoSuchMethodError'{0x00000000d6536fc8}: 'double java.lang.invoke.DirectMethodHandle$Holder.invokeStaticInit(java.lang.Object, java.lang.Object)'> (0x00000000d6536fc8) 
thrown [s\src\hotspot\share\interpreter\linkResolver.cpp, line 773]
Event: 14.335 Thread 0x000001e5ff30d060 Exception <a 'java/io/FileNotFoundException'{0x00000000d5c332b0}> (0x00000000d5c332b0) 
thrown [s\src\hotspot\share\prims\jni.cpp, line 520]
Event: 14.335 Thread 0x000001e5ff30d060 Exception <a 'java/io/FileNotFoundException'{0x00000000d5c34118}> (0x00000000d5c34118) 
thrown [s\src\hotspot\share\prims\jni.cpp, line 520]
Event: 14.335 Thread 0x000001e5ff30d060 Exception <a 'java/io/FileNotFoundException'{0x00000000d5c35080}> (0x00000000d5c35080) 
thrown [s\src\hotspot\share\prims\jni.cpp, line 520]
Event: 14.563 Thread 0x000001e5ff30d060 Exception <a 'java/lang/NoSuchMethodError'{0x00000000d657dbb8}: 'int java.lang.invoke.DirectMethodHandle$Holder.invokeStaticInit(java.lang.Object, java.lang.Object, java.lang.Object)'> (0x00000000d657dbb8) 
thrown [s\src\hotspot\share\interpreter\linkResolver.cpp, line 773]
Event: 14.619 Thread 0x000001e5ff30d060 Implicit null exception at 0x000001e587bfecf5 to 0x000001e587bfede8
Event: 14.792 Thread 0x000001e5ff30d060 Exception <a 'java/io/FileNotFoundException'{0x00000000d58467f0}> (0x00000000d58467f0) 
thrown [s\src\hotspot\share\prims\jni.cpp, line 520]
Event: 14.795 Thread 0x000001e5ff30d060 Exception <a 'java/lang/NoSuchMethodError'{0x00000000d584e088}: 'java.lang.Object java.lang.invoke.DirectMethodHandle$Holder.newInvokeSpecial(java.lang.Object, int, java.lang.Object, java.lang.Object)'> (0x00000000d584e088) 
thrown [s\src\hotspot\share\interpreter\linkResolver.cpp, line 773]
Event: 14.865 Thread 0x000001e5ff30d060 Exception <a 'java/io/FileNotFoundException'{0x00000000d63c64e8}> (0x00000000d63c64e8) 
thrown [s\src\hotspot\share\prims\jni.cpp, line 520]

ZGC Phase Switch (0 events):
No events

VM Operations (20 events):
Event: 11.687 Executing VM operation: HandshakeAllThreads (Deoptimize)
Event: 11.687 Executing VM operation: HandshakeAllThreads (Deoptimize) done
Event: 12.633 Executing VM operation: ICBufferFull
Event: 12.633 Executing VM operation: ICBufferFull done
Event: 12.753 Executing VM operation: HandshakeAllThreads (Deoptimize)
Event: 12.753 Executing VM operation: HandshakeAllThreads (Deoptimize) done
Event: 12.950 Executing VM operation: ParallelGCFailedAllocation (Allocation Failure)
Event: 12.958 Executing VM operation: ParallelGCFailedAllocation (Allocation Failure) done
Event: 13.500 Executing VM operation: HandshakeAllThreads (Deoptimize)
Event: 13.500 Executing VM operation: HandshakeAllThreads (Deoptimize) done
Event: 13.512 Executing VM operation: HandshakeAllThreads (Deoptimize)
Event: 13.512 Executing VM operation: HandshakeAllThreads (Deoptimize) done
Event: 13.550 Executing VM operation: HandshakeAllThreads (Deoptimize)
Event: 13.550 Executing VM operation: HandshakeAllThreads (Deoptimize) done
Event: 14.264 Executing VM operation: ParallelGCFailedAllocation (Allocation Failure)
Event: 14.276 Executing VM operation: ParallelGCFailedAllocation (Allocation Failure) done
Event: 14.674 Executing VM operation: ParallelGCFailedAllocation (Allocation Failure)
Event: 14.684 Executing VM operation: ParallelGCFailedAllocation (Allocation Failure) done
Event: 14.692 Executing VM operation: CollectForMetadataAllocation (Metadata GC Threshold)
Event: 14.743 Executing VM operation: CollectForMetadataAllocation (Metadata GC Threshold) done

Memory protections (0 events):
No events

Nmethod flushes (0 events):
No events

Events (20 events):
Event: 0.256 Thread 0x000001e5f23bff50 Thread added: 0x000001e5f9da58f0
Event: 0.256 Thread 0x000001e5f23bff50 Thread added: 0x000001e5f9dacab0
Event: 0.256 Thread 0x000001e5f23bff50 Thread added: 0x000001e5f9dad500
Event: 0.256 Thread 0x000001e5f23bff50 Thread added: 0x000001e5f9db19f0
Event: 0.257 Thread 0x000001e5f23bff50 Thread added: 0x000001e5f9db4aa0
Event: 0.306 Thread 0x000001e5f23bff50 Thread added: 0x000001e5faa570f0
Event: 0.793 Thread 0x000001e5f23bff50 Thread added: 0x000001e5facdb7b0
Event: 2.571 Thread 0x000001e5f23bff50 Thread added: 0x000001e5ff5cf2c0
Event: 2.573 Thread 0x000001e5ff5cf2c0 Thread added: 0x000001e5ff5cf920
Event: 2.581 Thread 0x000001e5f23bff50 Thread added: 0x000001e5ff5cff80
Event: 2.585 Thread 0x000001e5f23bff50 Thread added: 0x000001e5ff25e0c0
Event: 2.659 Thread 0x000001e5f23bff50 Thread added: 0x000001e5ff25d840
Event: 10.664 Thread 0x000001e5f23bff50 Thread added: 0x000001e5ff1ea4e0
Event: 10.669 Thread 0x000001e5f23bff50 Thread added: 0x000001e5ff30d060
Event: 11.081 Thread 0x000001e5f23bff50 Thread added: 0x000001e5d00d0000
Event: 11.390 Thread 0x000001e5ff30d060 Thread added: 0x000001e5ff7f8e90
Event: 11.659 Thread 0x000001e5ff30d060 Thread added: 0x000001e5ff7fb5f0
Event: 12.887 Thread 0x000001e5ff30d060 Thread added: 0x000001e5ff7f9520
Event: 13.691 Thread 0x000001e5ff30d060 Thread added: 0x000001e5ff7fa8d0
Event: 13.749 Thread 0x000001e5ff30d060 Thread added: 0x000001e5ff7fbc80


Dynamic libraries:
0x00007ff6a1db0000 - 0x00007ff6a1dbe000 	c:\Users\Sangeetha G S\.vscode\extensions\redhat.java-1.43.1-win32-x64\jre\21.0.7-win32-x86_64\bin\java.exe
0x00007ff911f10000 - 0x00007ff912108000 	C:\Windows\SYSTEM32\ntdll.dll
0x00007ff910e20000 - 0x00007ff910ee2000 	C:\Windows\System32\KERNEL32.DLL
0x00007ff90f620000 - 0x00007ff90f916000 	C:\Windows\System32\KERNELBASE.dll
0x00007ff90fbb0000 - 0x00007ff90fcb0000 	C:\Windows\System32\ucrtbase.dll
0x00007ff90c670000 - 0x00007ff90c688000 	c:\Users\Sangeetha G S\.vscode\extensions\redhat.java-1.43.1-win32-x64\jre\21.0.7-win32-x86_64\bin\jli.dll
0x00007ff910af0000 - 0x00007ff910c8d000 	C:\Windows\System32\USER32.dll
0x00007ff90fcb0000 - 0x00007ff90fcd2000 	C:\Windows\System32\win32u.dll
0x00007ff910510000 - 0x00007ff91053b000 	C:\Windows\System32\GDI32.dll
0x00007ff90fa90000 - 0x00007ff90fba9000 	C:\Windows\System32\gdi32full.dll
0x00007ff8fc3b0000 - 0x00007ff8fc64a000 	C:\Windows\WinSxS\amd64_microsoft.windows.common-controls_6595b64144ccf1df_6.0.19041.5915_none_60b4b9d171f9c7c7\COMCTL32.dll
0x00007ff90fe40000 - 0x00007ff90fedd000 	C:\Windows\System32\msvcp_win.dll
0x00007ff910060000 - 0x00007ff9100fe000 	C:\Windows\System32\msvcrt.dll
0x00007ff909010000 - 0x00007ff90902e000 	c:\Users\Sangeetha G S\.vscode\extensions\redhat.java-1.43.1-win32-x64\jre\21.0.7-win32-x86_64\bin\VCRUNTIME140.dll
0x00007ff9104e0000 - 0x00007ff91050f000 	C:\Windows\System32\IMM32.DLL
0x00007ff90af90000 - 0x00007ff90af9c000 	c:\Users\Sangeetha G S\.vscode\extensions\redhat.java-1.43.1-win32-x64\jre\21.0.7-win32-x86_64\bin\vcruntime140_1.dll
0x00007ff8eb9e0000 - 0x00007ff8eba6d000 	c:\Users\Sangeetha G S\.vscode\extensions\redhat.java-1.43.1-win32-x64\jre\21.0.7-win32-x86_64\bin\msvcp140.dll
0x00007ff8be190000 - 0x00007ff8bef20000 	c:\Users\Sangeetha G S\.vscode\extensions\redhat.java-1.43.1-win32-x64\jre\21.0.7-win32-x86_64\bin\server\jvm.dll
0x00007ff9105f0000 - 0x00007ff9106a1000 	C:\Windows\System32\ADVAPI32.dll
0x00007ff910a50000 - 0x00007ff910aef000 	C:\Windows\System32\sechost.dll
0x00007ff910c90000 - 0x00007ff910db3000 	C:\Windows\System32\RPCRT4.dll
0x00007ff90f920000 - 0x00007ff90f947000 	C:\Windows\System32\bcrypt.dll
0x00007ff911670000 - 0x00007ff9116db000 	C:\Windows\System32\WS2_32.dll
0x00007ff90f400000 - 0x00007ff90f44b000 	C:\Windows\SYSTEM32\POWRPROF.dll
0x00007ff8fc660000 - 0x00007ff8fc687000 	C:\Windows\SYSTEM32\WINMM.dll
0x00007ff908090000 - 0x00007ff90809a000 	C:\Windows\SYSTEM32\VERSION.dll
0x00007ff90f3e0000 - 0x00007ff90f3f2000 	C:\Windows\SYSTEM32\UMPDC.dll
0x00007ff90d3e0000 - 0x00007ff90d3f2000 	C:\Windows\SYSTEM32\kernel.appcore.dll
0x00007ff90a7c0000 - 0x00007ff90a7ca000 	c:\Users\Sangeetha G S\.vscode\extensions\redhat.java-1.43.1-win32-x64\jre\21.0.7-win32-x86_64\bin\jimage.dll
0x00007ff8fc720000 - 0x00007ff8fc921000 	C:\Windows\SYSTEM32\DBGHELP.DLL
0x00007ff8fab80000 - 0x00007ff8fabb4000 	C:\Windows\SYSTEM32\dbgcore.DLL
0x00007ff90f950000 - 0x00007ff90f9d2000 	C:\Windows\System32\bcryptPrimitives.dll
0x00007ff909000000 - 0x00007ff90900f000 	c:\Users\Sangeetha G S\.vscode\extensions\redhat.java-1.43.1-win32-x64\jre\21.0.7-win32-x86_64\bin\instrument.dll
0x00007ff9069f0000 - 0x00007ff906a0f000 	c:\Users\Sangeetha G S\.vscode\extensions\redhat.java-1.43.1-win32-x64\jre\21.0.7-win32-x86_64\bin\java.dll
0x00007ff910f00000 - 0x00007ff91166e000 	C:\Windows\System32\SHELL32.dll
0x00007ff90d5e0000 - 0x00007ff90dd84000 	C:\Windows\SYSTEM32\windows.storage.dll
0x00007ff910100000 - 0x00007ff910453000 	C:\Windows\System32\combase.dll
0x00007ff90ee20000 - 0x00007ff90ee4b000 	C:\Windows\SYSTEM32\Wldp.dll
0x00007ff911990000 - 0x00007ff911a5d000 	C:\Windows\System32\OLEAUT32.dll
0x00007ff9116e0000 - 0x00007ff91178d000 	C:\Windows\System32\SHCORE.dll
0x00007ff9107e0000 - 0x00007ff91083b000 	C:\Windows\System32\shlwapi.dll
0x00007ff90f4d0000 - 0x00007ff90f4f4000 	C:\Windows\SYSTEM32\profapi.dll
0x00007ff905f80000 - 0x00007ff905f98000 	c:\Users\Sangeetha G S\.vscode\extensions\redhat.java-1.43.1-win32-x64\jre\21.0.7-win32-x86_64\bin\zip.dll
0x00007ff907af0000 - 0x00007ff907b00000 	C:\Users\Sangeetha G S\.vscode\extensions\redhat.java-1.43.1-win32-x64\jre\21.0.7-win32-x86_64\bin\net.dll
0x00007ff905c90000 - 0x00007ff905d9a000 	C:\Windows\SYSTEM32\WINHTTP.dll
0x00007ff90ec00000 - 0x00007ff90ec6a000 	C:\Windows\system32\mswsock.dll
0x00007ff8ff570000 - 0x00007ff8ff586000 	C:\Users\Sangeetha G S\.vscode\extensions\redhat.java-1.43.1-win32-x64\jre\21.0.7-win32-x86_64\bin\nio.dll
0x00007ff906820000 - 0x00007ff906830000 	c:\Users\Sangeetha G S\.vscode\extensions\redhat.java-1.43.1-win32-x64\jre\21.0.7-win32-x86_64\bin\verify.dll
0x00007ff8f39b0000 - 0x00007ff8f39f5000 	C:\Users\Sangeetha G S\AppData\Roaming\Code\User\globalStorage\redhat.java\1.43.1\config_ss_win\org.eclipse.equinox.launcher\org.eclipse.equinox.launcher.win32.win32.x86_64_1.2.1300.v20250331-1702\eclipse_11911.dll
0x00007ff9106b0000 - 0x00007ff9107db000 	C:\Windows\System32\ole32.dll
0x00007ff905870000 - 0x00007ff90587a000 	C:\Users\Sangeetha G S\.vscode\extensions\redhat.java-1.43.1-win32-x64\jre\21.0.7-win32-x86_64\bin\management.dll
0x00007ff8ff200000 - 0x00007ff8ff20b000 	C:\Users\Sangeetha G S\.vscode\extensions\redhat.java-1.43.1-win32-x64\jre\21.0.7-win32-x86_64\bin\management_ext.dll
0x00007ff911820000 - 0x00007ff911828000 	C:\Windows\System32\PSAPI.DLL

dbghelp: loaded successfully - version: 4.0.5 - missing functions: none
symbol engine: initialized successfully - sym options: 0x614 - pdb path: .;c:\Users\Sangeetha G S\.vscode\extensions\redhat.java-1.43.1-win32-x64\jre\21.0.7-win32-x86_64\bin;C:\Windows\SYSTEM32;C:\Windows\WinSxS\amd64_microsoft.windows.common-controls_6595b64144ccf1df_6.0.19041.5915_none_60b4b9d171f9c7c7;c:\Users\Sangeetha G S\.vscode\extensions\redhat.java-1.43.1-win32-x64\jre\21.0.7-win32-x86_64\bin\server;C:\Users\Sangeetha G S\AppData\Roaming\Code\User\globalStorage\redhat.java\1.43.1\config_ss_win\org.eclipse.equinox.launcher\org.eclipse.equinox.launcher.win32.win32.x86_64_1.2.1300.v20250331-1702

VM Arguments:
jvm_args: --add-modules=ALL-SYSTEM --add-opens=java.base/java.util=ALL-UNNAMED --add-opens=java.base/java.lang=ALL-UNNAMED --add-opens=java.base/sun.nio.fs=ALL-UNNAMED -Declipse.application=org.eclipse.jdt.ls.core.id1 -Dosgi.bundles.defaultStartLevel=4 -Declipse.product=org.eclipse.jdt.ls.core.product -Djava.import.generatesMetadataFilesAtProjectRoot=false -DDetectVMInstallationsJob.disabled=true -Dfile.encoding=utf8 -XX:+UseParallelGC -XX:GCTimeRatio=4 -XX:AdaptiveSizePolicyWeight=90 -Dsun.zip.disableMemoryMapping=true -Xmx2G -Xms100m -Xlog:disable -javaagent:c:\Users\Sangeetha G S\.vscode\extensions\redhat.java-1.43.1-win32-x64\lombok\lombok-1.18.39-4050.jar 
java_command: c:\Users\Sangeetha G S\.vscode\extensions\redhat.java-1.43.1-win32-x64\server\plugins\org.eclipse.equinox.launcher_1.7.0.v20250519-0528.jar -configuration c:\Users\Sangeetha G S\AppData\Roaming\Code\User\globalStorage\redhat.java\1.43.1\config_ss_win -data c:\Users\Sangeetha G S\AppData\Roaming\Code\User\workspaceStorage\d5869e5bd27c9b80899510110610f81e\redhat.java\ss_ws --pipe=\\.\pipe\lsp-e9655f7859966ad0afc099d0668f6941-sock
java_class_path (initial): c:\Users\Sangeetha G S\.vscode\extensions\redhat.java-1.43.1-win32-x64\server\plugins\org.eclipse.equinox.launcher_1.7.0.v20250519-0528.jar
Launcher Type: SUN_STANDARD

[Global flags]
    uintx AdaptiveSizePolicyWeight                 = 90                                        {product} {command line}
     intx CICompilerCount                          = 3                                         {product} {ergonomic}
    uintx GCTimeRatio                              = 4                                         {product} {command line}
   size_t InitialHeapSize                          = 104857600                                 {product} {command line}
   size_t MaxHeapSize                              = 2147483648                                {product} {command line}
   size_t MaxNewSize                               = 715653120                                 {product} {ergonomic}
   size_t MinHeapDeltaBytes                        = 524288                                    {product} {ergonomic}
   size_t MinHeapSize                              = 104857600                                 {product} {command line}
   size_t NewSize                                  = 34603008                                  {product} {ergonomic}
    uintx NonNMethodCodeHeapSize                   = 5832780                                {pd product} {ergonomic}
    uintx NonProfiledCodeHeapSize                  = 122912730                              {pd product} {ergonomic}
   size_t OldSize                                  = 70254592                                  {product} {ergonomic}
    uintx ProfiledCodeHeapSize                     = 122912730                              {pd product} {ergonomic}
    uintx ReservedCodeCacheSize                    = 251658240                              {pd product} {ergonomic}
     bool SegmentedCodeCache                       = true                                      {product} {ergonomic}
   size_t SoftMaxHeapSize                          = 2147483648                             {manageable} {ergonomic}
     bool UseCompressedOops                        = true                           {product lp64_product} {ergonomic}
     bool UseLargePagesIndividualAllocation        = false                                  {pd product} {ergonomic}
     bool UseParallelGC                            = true                                      {product} {command line}

Logging:
Log output configuration:
 #0: stdout all=off uptime,level,tags foldmultilines=false
 #1: stderr all=off uptime,level,tags foldmultilines=false

Environment Variables:
JAVA_HOME=C:\Program Files\Eclipse Adoptium\jdk-17.0.12.7-hotspot\
PATH=C:\Program Files\Eclipse Adoptium\jdk-17.0.12.7-hotspot\bin;C:\Windows\system32;C:\Windows;C:\Windows\System32\Wbem;C:\Windows\System32\WindowsPowerShell\v1.0\;C:\Windows\System32\OpenSSH\;C:\Program Files\PuTTY\;C:\Program Files\Git\cmd;C:\Program Files (x86)\Windows Kits\10\Windows Performance Toolkit\;C:\Program Files\Docker\Docker\resources\bin;C:\Users\Sangeetha G S\AppData\Local\Programs\Python\Python313\Scripts\;C:\Users\Sangeetha G S\AppData\Local\Programs\Python\Python313\;C:\Program Files (x86)\GNU Arm Embedded Toolchain\10 2021.10\bin;C:\Users\Sangeetha G S\AppData\Local\Programs\Python\Python311\Scripts\;C:\Users\Sangeetha G S\AppData\Local\Programs\Python\Python311\;C:\Users\Sangeetha G S\AppData\Local\Microsoft\WindowsApps;C:\mingw64\bin;C:\msys64;C:\msys64\mingw64\bin;C:\Program Files (x86)\GnuWin32\bin;D:\backup_embed\software\xpack-openocd-0.12.0-1-win32-x64\xpack-openocd-0.12.0-1\bin;C:\Users\Sangeetha G S\AppData\Local\Programs\Microsoft VS Code\bin
USERNAME=Sangeetha G S
OS=Windows_NT
PROCESSOR_IDENTIFIER=Intel64 Family 6 Model 78 Stepping 3, GenuineIntel
TMP=C:\Users\SANGEE~1\AppData\Local\Temp
TEMP=C:\Users\SANGEE~1\AppData\Local\Temp




Periodic native trim disabled

---------------  S Y S T E M  ---------------

OS:
 Windows 10 , 64 bit Build 19041 (10.0.19041.5915)
OS uptime: 3 days 12:48 hours
Hyper-V role detected

CPU: total 4 (initial active 4) (2 cores per cpu, 2 threads per core) family 6 model 78 stepping 3 microcode 0xcc, cx8, cmov, fxsr, ht, mmx, 3dnowpref, sse, sse2, sse3, ssse3, sse4.1, sse4.2, popcnt, lzcnt, tsc, tscinvbit, avx, avx2, aes, erms, clmul, bmi1, bmi2, adx, fma, vzeroupper, clflush, clflushopt, hv, rdtscp, f16c
Processor Information for the first 4 processors :
  Max Mhz: 2000, Current Mhz: 2000, Mhz Limit: 2000

Memory: 4k page, system-wide physical 4012M (45M free)
TotalPageFile size 16300M (AvailPageFile size 3M)
current process WorkingSet (physical memory assigned to process): 142M, peak: 142M
current process commit charge ("private bytes"): 266M, peak: 267M

vm_info: OpenJDK 64-Bit Server VM (21.0.7+6-LTS) for windows-amd64 JRE (21.0.7+6-LTS), built on 2025-04-15T00:00:00Z by "admin" with MS VC++ 17.7 (VS2022)

END.
